::1 - - [07/Apr/2026 09:27:41] "GET /wallet.html HTTP/1.1" 200 -
::1 - - [07/Apr/2026 09:27:45] "GET /wallet.html HTTP/1.1" 200 -
::1 - - [07/Apr/2026 09:27:45] "GET /wallet.css HTTP/1.1" 200 -
::1 - - [07/Apr/2026 09:27:46] "GET /manifest.json HTTP/1.1" 304 -
::1 - - [07/Apr/2026 09:27:46] "GET /js/api-config.js HTTP/1.1" 304 -
::1 - - [07/Apr/2026 09:27:46] "GET /core/wallet.js HTTP/1.1" 304 -
::1 - - [07/Apr/2026 09:27:46] "GET /wordlists.js HTTP/1.1" 200 -
::1 - - [07/Apr/2026 09:27:46] "GET /wallet.core.js HTTP/1.1" 304 -
::1 - - [07/Apr/2026 09:27:46] "GET /wallet.addr.js HTTP/1.1" 200 -
::1 - - [07/Apr/2026 09:27:46] "GET /wallet.tx.js HTTP/1.1" 304 -
::1 - - [07/Apr/2026 09:27:46] "GET /wallet.ui.js HTTP/1.1" 200 -
::1 - - [07/Apr/2026 09:27:46] "GET /favicon.ico HTTP/1.1" 304 -
::1 - - [07/Apr/2026 09:27:46] "GET /icon-192.png HTTP/1.1" 304 -
::1 - - [07/Apr/2026 09:29:41] "GET /wallet.html HTTP/1.1" 200 -
::1 - - [07/Apr/2026 09:29:41] "GET /wallet.css HTTP/1.1" 200 -
::1 - - [07/Apr/2026 09:29:41] "GET /wallet.ui.js HTTP/1.1" 304 -
::1 - - [07/Apr/2026 09:29:41] "GET /wallet.html HTTP/1.1" 304 -
::1 - - [07/Apr/2026 09:29:42] "GET /wallet.html HTTP/1.1" 304 -
::1 - - [07/Apr/2026 09:29:43] "GET /wallet.html HTTP/1.1" 304 -
::1 - - [07/Apr/2026 09:29:43] "GET /wallet.html HTTP/1.1" 304 -
::1 - - [07/Apr/2026 09:32:59] "GET /wallet.html HTTP/1.1" 304 -
::1 - - [07/Apr/2026 09:32:59] "GET /wallet.css HTTP/1.1" 200 -
::1 - - [07/Apr/2026 09:32:59] "GET /wallet.core.js HTTP/1.1" 304 -
::1 - - [07/Apr/2026 09:32:59] "GET /wallet.ui.js HTTP/1.1" 200 -
::1 - - [07/Apr/2026 09:33:00] "GET /wallet.html HTTP/1.1" 304 -
::1 - - [07/Apr/2026 09:33:01] "GET /wallet.html HTTP/1.1" 304 -
::1 - - [07/Apr/2026 09:33:02] "GET /wallet.html HTTP/1.1" 304 -
::1 - - [07/Apr/2026 09:33:02] "GET /wallet.html HTTP/1.1" 304 -
::1 - - [07/Apr/2026 09:33:03] "GET /wallet.html HTTP/1.1" 304 -
::1 - - [07/Apr/2026 09:33:03] "GET /wallet.html HTTP/1.1" 304 -
::1 - - [07/Apr/2026 09:33:04] "GET /wallet.html HTTP/1.1" 304 -
::1 - - [07/Apr/2026 09:33:04] "GET /wallet.css HTTP/1.1" 304 -
::1 - - [07/Apr/2026 09:33:04] "GET /wallet.ui.js HTTP/1.1" 304 -
::1 - - [07/Apr/2026 09:33:06] "GET /wallet.html HTTP/1.1" 304 -
::1 - - [07/Apr/2026 09:33:06] "GET /wallet.html HTTP/1.1" 304 -
::1 - - [07/Apr/2026 09:33:07] "GET /wallet.html HTTP/1.1" 304 -
::1 - - [07/Apr/2026 09:33:07] "GET /wallet.html HTTP/1.1" 304 -
::1 - - [07/Apr/2026 09:37:07] "GET /wallet.html HTTP/1.1" 304 -
::1 - - [07/Apr/2026 09:37:07] "GET /wallet.css HTTP/1.1" 304 -
::1 - - [07/Apr/2026 09:37:07] "GET /wordlists.js HTTP/1.1" 304 -
::1 - - [07/Apr/2026 09:37:07] "GET /wallet.addr.js HTTP/1.1" 304 -
::1 - - [07/Apr/2026 09:37:07] "GET /wallet.tx.js HTTP/1.1" 304 -
::1 - - [07/Apr/2026 09:37:07] "GET /wallet.ui.js HTTP/1.1" 200 -
::1 - - [07/Apr/2026 09:37:08] "GET /wallet.html HTTP/1.1" 304 -
::1 - - [07/Apr/2026 09:37:08] "GET /wallet.html HTTP/1.1" 304 -
::1 - - [07/Apr/2026 09:37:09] "GET /wallet.html HTTP/1.1" 304 -
::1 - - [07/Apr/2026 09:37:10] "GET /wallet.html HTTP/1.1" 304 -
::1 - - [07/Apr/2026 09:37:10] "GET /wallet.html HTTP/1.1" 304 -
::1 - - [07/Apr/2026 09:37:10] "GET /wallet.html HTTP/1.1" 304 -
::1 - - [07/Apr/2026 09:39:29] "GET /wallet.html HTTP/1.1" 304 -
::1 - - [07/Apr/2026 09:39:29] "GET /wallet.css HTTP/1.1" 304 -
::1 - - [07/Apr/2026 09:39:29] "GET /wallet.core.js HTTP/1.1" 304 -
::1 - - [07/Apr/2026 09:39:29] "GET /wallet.ui.js HTTP/1.1" 304 -
::1 - - [07/Apr/2026 09:39:30] "GET /wallet.html HTTP/1.1" 304 -
::1 - - [07/Apr/2026 09:39:30] "GET /wallet.html HTTP/1.1" 304 -
::1 - - [07/Apr/2026 09:39:31] "GET /wallet.html HTTP/1.1" 304 -
::1 - - [07/Apr/2026 09:39:32] "GET /wallet.html HTTP/1.1" 304 -
::1 - - [07/Apr/2026 09:39:33] "GET /wallet.html HTTP/1.1" 304 -
::1 - - [07/Apr/2026 09:39:33] "GET /wallet.html HTTP/1.1" 304 -
::1 - - [07/Apr/2026 09:39:33] "GET /wallet.html HTTP/1.1" 304 -
::1 - - [07/Apr/2026 09:39:33] "GET /wallet.html HTTP/1.1" 304 -
::1 - - [07/Apr/2026 09:42:38] "GET /wallet.html HTTP/1.1" 304 -
::1 - - [07/Apr/2026 09:42:38] "GET /wallet.css HTTP/1.1" 304 -
::1 - - [07/Apr/2026 09:42:38] "GET /wallet.ui.js HTTP/1.1" 304 -
::1 - - [07/Apr/2026 09:44:19] "GET /wallet.html HTTP/1.1" 304 -
::1 - - [07/Apr/2026 09:44:19] "GET /wallet.css HTTP/1.1" 304 -
::1 - - [07/Apr/2026 09:44:19] "GET /wallet.ui.js HTTP/1.1" 200 -
::1 - - [07/Apr/2026 09:50:14] "GET /wallet.html HTTP/1.1" 200 -
::1 - - [07/Apr/2026 09:50:14] "GET /wallet.css HTTP/1.1" 200 -
::1 - - [07/Apr/2026 09:50:14] "GET /wordlists.js HTTP/1.1" 304 -
::1 - - [07/Apr/2026 09:50:14] "GET /wallet.core.js HTTP/1.1" 304 -
::1 - - [07/Apr/2026 09:50:14] "GET /wallet.addr.js HTTP/1.1" 304 -
::1 - - [07/Apr/2026 09:50:14] "GET /wallet.tx.js HTTP/1.1" 304 -
::1 - - [07/Apr/2026 09:50:14] "GET /wallet.ui.js HTTP/1.1" 200 -
::1 - - [07/Apr/2026 09:53:09] "GET /wallet.html HTTP/1.1" 200 -
::1 - - [07/Apr/2026 09:53:09] "GET /wallet.css HTTP/1.1" 200 -
::1 - - [07/Apr/2026 09:53:09] "GET /wallet.ui.js HTTP/1.1" 304 -
::1 - - [07/Apr/2026 09:53:10] "GET /wallet.html HTTP/1.1" 304 -
::1 - - [07/Apr/2026 09:53:10] "GET /wallet.html HTTP/1.1" 304 -
::1 - - [07/Apr/2026 09:53:10] "GET /wallet.html HTTP/1.1" 304 -
::1 - - [07/Apr/2026 09:53:11] "GET /wallet.html HTTP/1.1" 304 -
::1 - - [07/Apr/2026 09:53:11] "GET /wallet.html HTTP/1.1" 304 -
::1 - - [07/Apr/2026 09:56:43] "GET /wallet.html HTTP/1.1" 200 -
::1 - - [07/Apr/2026 09:56:43] "GET /wallet.css HTTP/1.1" 200 -
::1 - - [07/Apr/2026 09:56:43] "GET /core/security.js HTTP/1.1" 304 -
::1 - - [07/Apr/2026 09:56:43] "GET /wallet.ui.js HTTP/1.1" 304 -
::1 - - [07/Apr/2026 09:56:44] "GET /wallet.html HTTP/1.1" 304 -
::1 - - [07/Apr/2026 09:58:54] "GET /wallet.html HTTP/1.1" 304 -
::1 - - [07/Apr/2026 09:58:54] "GET /wallet.css HTTP/1.1" 304 -
::1 - - [07/Apr/2026 09:58:54] "GET /wallet.core.js HTTP/1.1" 200 -
::1 - - [07/Apr/2026 09:58:54] "GET /wallet.ui.js HTTP/1.1" 304 -
::1 - - [07/Apr/2026 09:58:55] "GET /wallet.html HTTP/1.1" 304 -
::1 - - [07/Apr/2026 09:58:55] "GET /wallet.html HTTP/1.1" 304 -
::1 - - [07/Apr/2026 09:58:56] "GET /wallet.html HTTP/1.1" 304 -
::1 - - [07/Apr/2026 09:58:56] "GET /wallet.html HTTP/1.1" 304 -
::1 - - [07/Apr/2026 09:58:56] "GET /wallet.html HTTP/1.1" 304 -
::1 - - [07/Apr/2026 10:00:52] "GET /wallet.html HTTP/1.1" 200 -
::1 - - [07/Apr/2026 10:00:52] "GET /wallet.css HTTP/1.1" 304 -
::1 - - [07/Apr/2026 10:00:52] "GET /wordlists.js HTTP/1.1" 304 -
::1 - - [07/Apr/2026 10:00:52] "GET /wallet.core.js HTTP/1.1" 304 -
::1 - - [07/Apr/2026 10:00:52] "GET /wallet.addr.js HTTP/1.1" 304 -
::1 - - [07/Apr/2026 10:00:52] "GET /wallet.tx.js HTTP/1.1" 304 -
::1 - - [07/Apr/2026 10:00:52] "GET /wallet.ui.js HTTP/1.1" 200 -
::1 - - [07/Apr/2026 10:00:57] "GET /wallet.html HTTP/1.1" 304 -
::1 - - [07/Apr/2026 10:00:58] "GET /wallet.html HTTP/1.1" 304 -
::1 - - [07/Apr/2026 10:00:58] "GET /wallet.ui.js HTTP/1.1" 304 -
::1 - - [07/Apr/2026 10:00:58] "GET /wallet.html HTTP/1.1" 304 -
::1 - - [07/Apr/2026 10:01:13] "GET /wallet.html HTTP/1.1" 304 -
::1 - - [07/Apr/2026 10:01:13] "GET /wallet.core.js HTTP/1.1" 304 -
::1 - - [07/Apr/2026 10:01:13] "GET /wallet.ui.js HTTP/1.1" 304 -
::1 - - [07/Apr/2026 10:01:15] "GET /wallet.html HTTP/1.1" 304 -
::1 - - [07/Apr/2026 10:01:22] "GET /wallet.html HTTP/1.1" 304 -
::1 - - [07/Apr/2026 10:01:22] "GET /wallet.css HTTP/1.1" 304 -
::1 - - [07/Apr/2026 10:01:22] "GET /wallet.ui.js HTTP/1.1" 200 -
::1 - - [07/Apr/2026 10:03:40] "GET /wallet.html HTTP/1.1" 304 -
::1 - - [07/Apr/2026 10:03:40] "GET /wallet.css HTTP/1.1" 304 -
::1 - - [07/Apr/2026 10:03:40] "GET /wallet.core.js HTTP/1.1" 304 -
::1 - - [07/Apr/2026 10:03:40] "GET /wallet.ui.js HTTP/1.1" 304 -
::1 - - [07/Apr/2026 10:04:47] "GET /wallet.html HTTP/1.1" 304 -
::1 - - [07/Apr/2026 10:04:47] "GET /wallet.css HTTP/1.1" 200 -
::1 - - [07/Apr/2026 10:04:47] "GET /wallet.core.js HTTP/1.1" 304 -
::1 - - [07/Apr/2026 10:04:47] "GET /wallet.ui.js HTTP/1.1" 200 -
::1 - - [07/Apr/2026 10:06:37] "GET /wallet.html HTTP/1.1" 200 -
::1 - - [07/Apr/2026 10:06:37] "GET /wallet.css HTTP/1.1" 200 -
::1 - - [07/Apr/2026 10:06:37] "GET /manifest.json HTTP/1.1" 304 -
::1 - - [07/Apr/2026 10:06:37] "GET /js/api-config.js HTTP/1.1" 304 -
::1 - - [07/Apr/2026 10:06:37] "GET /core/security.js HTTP/1.1" 304 -
::1 - - [07/Apr/2026 10:06:37] "GET /core/wallet.js HTTP/1.1" 304 -
::1 - - [07/Apr/2026 10:06:37] "GET /wordlists.js HTTP/1.1" 200 -
::1 - - [07/Apr/2026 10:06:37] "GET /wallet.core.js HTTP/1.1" 200 -
::1 - - [07/Apr/2026 10:06:37] "GET /wallet.addr.js HTTP/1.1" 200 -
::1 - - [07/Apr/2026 10:06:37] "GET /wallet.tx.js HTTP/1.1" 200 -
::1 - - [07/Apr/2026 10:06:37] "GET /wallet.ui.js HTTP/1.1" 200 -
::1 - - [07/Apr/2026 10:06:37] "GET /favicon.ico HTTP/1.1" 304 -
::1 - - [07/Apr/2026 10:06:37] "GET /icon-192.png HTTP/1.1" 304 -
::1 - - [07/Apr/2026 10:06:38] "GET /wallet.html HTTP/1.1" 304 -
::1 - - [07/Apr/2026 10:06:38] "GET /wallet.css HTTP/1.1" 200 -
::1 - - [07/Apr/2026 10:06:38] "GET /sw.js HTTP/1.1" 304 -
::1 - - [07/Apr/2026 10:06:38] "GET /icon-512.png HTTP/1.1" 304 -
::1 - - [07/Apr/2026 10:06:39] "GET /wallet.html HTTP/1.1" 304 -
::1 - - [07/Apr/2026 10:06:39] "GET /wallet.html HTTP/1.1" 304 -
::1 - - [07/Apr/2026 10:06:39] "GET /sw.js HTTP/1.1" 304 -
::1 - - [07/Apr/2026 10:06:39] "GET /wallet.html HTTP/1.1" 304 -
::1 - - [07/Apr/2026 10:06:39] "GET /sw.js HTTP/1.1" 304 -
::1 - - [07/Apr/2026 10:06:41] "GET /sw.js HTTP/1.1" 304 -
::1 - - [07/Apr/2026 10:06:48] "GET /wallet.html HTTP/1.1" 304 -
::1 - - [07/Apr/2026 10:06:50] "GET /wallet.html HTTP/1.1" 304 -
::1 - - [07/Apr/2026 10:06:50] "GET /sw.js HTTP/1.1" 304 -
::1 - - [07/Apr/2026 10:06:51] "GET /wallet.html HTTP/1.1" 304 -
::1 - - [07/Apr/2026 10:06:52] "GET /sw.js HTTP/1.1" 304 -
::1 - - [07/Apr/2026 10:08:31] "GET /wallet.html HTTP/1.1" 200 -
::1 - - [07/Apr/2026 10:08:31] "GET /wallet.css HTTP/1.1" 200 -
::1 - - [07/Apr/2026 10:08:31] "GET /wallet.core.js HTTP/1.1" 200 -
::1 - - [07/Apr/2026 10:08:31] "GET /wallet.ui.js HTTP/1.1" 200 -
::1 - - [07/Apr/2026 10:08:31] "GET /sw.js HTTP/1.1" 304 -
::1 - - [07/Apr/2026 10:08:41] "GET /wallet.html HTTP/1.1" 304 -
::1 - - [07/Apr/2026 10:08:41] "GET /wallet.css HTTP/1.1" 304 -
::1 - - [07/Apr/2026 10:08:41] "GET /wallet.core.js HTTP/1.1" 304 -
::1 - - [07/Apr/2026 10:08:41] "GET /wallet.ui.js HTTP/1.1" 304 -
::1 - - [07/Apr/2026 10:08:43] "GET /sw.js HTTP/1.1" 304 -
::1 - - [07/Apr/2026 10:11:19] "GET /wallet.html HTTP/1.1" 200 -
::1 - - [07/Apr/2026 10:11:19] "GET /wallet.css HTTP/1.1" 200 -
::1 - - [07/Apr/2026 10:11:19] "GET /wallet.core.js HTTP/1.1" 200 -
::1 - - [07/Apr/2026 10:11:19] "GET /wallet.ui.js HTTP/1.1" 200 -
::1 - - [07/Apr/2026 10:13:11] "GET /wallet.html HTTP/1.1" 200 -
::1 - - [07/Apr/2026 10:13:11] "GET /wallet.css HTTP/1.1" 200 -
::1 - - [07/Apr/2026 10:13:11] "GET /wordlists.js HTTP/1.1" 200 -
::1 - - [07/Apr/2026 10:13:11] "GET /wallet.core.js HTTP/1.1" 200 -
::1 - - [07/Apr/2026 10:13:11] "GET /wallet.addr.js HTTP/1.1" 200 -
::1 - - [07/Apr/2026 10:13:11] "GET /wallet.tx.js HTTP/1.1" 200 -
::1 - - [07/Apr/2026 10:13:11] "GET /wallet.ui.js HTTP/1.1" 200 -
::1 - - [07/Apr/2026 10:13:12] "GET /wallet.html HTTP/1.1" 304 -
::1 - - [07/Apr/2026 10:13:12] "GET /wallet.html HTTP/1.1" 304 -
::1 - - [07/Apr/2026 10:13:15] "GET /wallet.html HTTP/1.1" 200 -
::1 - - [07/Apr/2026 10:13:15] "GET /wallet.css HTTP/1.1" 304 -
::1 - - [07/Apr/2026 10:13:15] "GET /wallet.core.js HTTP/1.1" 304 -
::1 - - [07/Apr/2026 10:13:15] "GET /wallet.addr.js HTTP/1.1" 304 -
::1 - - [07/Apr/2026 10:13:15] "GET /wallet.tx.js HTTP/1.1" 304 -
::1 - - [07/Apr/2026 10:13:15] "GET /wallet.ui.js HTTP/1.1" 304 -
::1 - - [07/Apr/2026 10:13:16] "GET /wallet.html HTTP/1.1" 304 -
::1 - - [07/Apr/2026 10:13:16] "GET /wallet.html HTTP/1.1" 304 -
::1 - - [07/Apr/2026 10:13:17] "GET /wallet.html HTTP/1.1" 304 -
::1 - - [07/Apr/2026 10:13:17] "GET /wallet.css HTTP/1.1" 304 -
::1 - - [07/Apr/2026 10:13:17] "GET /wallet.core.js HTTP/1.1" 304 -
::1 - - [07/Apr/2026 10:13:17] "GET /wallet.addr.js HTTP/1.1" 304 -
::1 - - [07/Apr/2026 10:13:17] "GET /wallet.tx.js HTTP/1.1" 304 -
::1 - - [07/Apr/2026 10:13:17] "GET /wallet.ui.js HTTP/1.1" 304 -
::1 - - [07/Apr/2026 10:13:17] "GET /wallet.html HTTP/1.1" 304 -
::1 - - [07/Apr/2026 10:13:18] "GET /wallet.html HTTP/1.1" 304 -
::1 - - [07/Apr/2026 10:13:18] "GET /wallet.html HTTP/1.1" 304 -
::1 - - [07/Apr/2026 10:13:19] "GET /wallet.html HTTP/1.1" 304 -
::1 - - [07/Apr/2026 10:13:19] "GET /wallet.html HTTP/1.1" 304 -
::1 - - [07/Apr/2026 10:13:19] "GET /wallet.html HTTP/1.1" 304 -
::1 - - [07/Apr/2026 10:13:19] "GET /wallet.css HTTP/1.1" 304 -
::1 - - [07/Apr/2026 10:13:19] "GET /wallet.core.js HTTP/1.1" 304 -
::1 - - [07/Apr/2026 10:13:19] "GET /wallet.addr.js HTTP/1.1" 304 -
::1 - - [07/Apr/2026 10:13:19] "GET /wallet.tx.js HTTP/1.1" 304 -
::1 - - [07/Apr/2026 10:13:19] "GET /wallet.ui.js HTTP/1.1" 304 -
::1 - - [07/Apr/2026 10:13:20] "GET /wallet.html HTTP/1.1" 304 -
::1 - - [07/Apr/2026 10:13:20] "GET /wallet.html HTTP/1.1" 304 -
::1 - - [07/Apr/2026 10:13:21] "GET /wallet.html HTTP/1.1" 304 -
::1 - - [07/Apr/2026 10:13:21] "GET /wordlists.js HTTP/1.1" 304 -
::1 - - [07/Apr/2026 10:13:41] "GET /wallet.html HTTP/1.1" 304 -
::1 - - [07/Apr/2026 10:13:41] "GET /wallet.css HTTP/1.1" 304 -
::1 - - [07/Apr/2026 10:13:41] "GET /wordlists.js HTTP/1.1" 304 -
::1 - - [07/Apr/2026 10:13:41] "GET /wallet.core.js HTTP/1.1" 304 -
::1 - - [07/Apr/2026 10:13:41] "GET /wallet.addr.js HTTP/1.1" 304 -
::1 - - [07/Apr/2026 10:13:41] "GET /wallet.tx.js HTTP/1.1" 304 -
::1 - - [07/Apr/2026 10:13:41] "GET /wallet.ui.js HTTP/1.1" 304 -
::1 - - [07/Apr/2026 10:13:41] "GET /wallet.html HTTP/1.1" 304 -
::1 - - [07/Apr/2026 10:13:42] "GET /wallet.html HTTP/1.1" 304 -
::1 - - [07/Apr/2026 10:13:43] "GET /wallet.html HTTP/1.1" 304 -
::1 - - [07/Apr/2026 10:14:44] "GET /wallet.html HTTP/1.1" 200 -
::1 - - [07/Apr/2026 10:14:44] "GET /wallet.css HTTP/1.1" 200 -
::1 - - [07/Apr/2026 10:14:44] "GET /wordlists.js HTTP/1.1" 200 -
::1 - - [07/Apr/2026 10:14:44] "GET /wallet.core.js HTTP/1.1" 200 -
::1 - - [07/Apr/2026 10:14:44] "GET /wallet.addr.js HTTP/1.1" 200 -
::1 - - [07/Apr/2026 10:14:44] "GET /wallet.tx.js HTTP/1.1" 200 -
::1 - - [07/Apr/2026 10:14:44] "GET /wallet.ui.js HTTP/1.1" 200 -
::1 - - [07/Apr/2026 10:14:44] "GET /sw.js HTTP/1.1" 304 -
::1 - - [07/Apr/2026 10:14:46] "GET /wallet.html HTTP/1.1" 304 -
::1 - - [07/Apr/2026 10:16:19] "GET /sw.js HTTP/1.1" 304 -
::1 - - [07/Apr/2026 10:16:25] "GET /wallet.html HTTP/1.1" 200 -
::1 - - [07/Apr/2026 10:16:25] "GET /wallet.css HTTP/1.1" 200 -
::1 - - [07/Apr/2026 10:16:25] "GET /wordlists.js HTTP/1.1" 200 -
::1 - - [07/Apr/2026 10:16:25] "GET /wallet.core.js HTTP/1.1" 200 -
::1 - - [07/Apr/2026 10:16:25] "GET /wallet.addr.js HTTP/1.1" 200 -
::1 - - [07/Apr/2026 10:16:25] "GET /wallet.tx.js HTTP/1.1" 200 -
::1 - - [07/Apr/2026 10:16:25] "GET /wallet.ui.js HTTP/1.1" 200 -
::1 - - [07/Apr/2026 10:16:26] "GET /wallet.html HTTP/1.1" 304 -
::1 - - [07/Apr/2026 10:16:26] "GET /sw.js HTTP/1.1" 304 -
::1 - - [07/Apr/2026 10:16:35] "GET /sw.js HTTP/1.1" 304 -
::1 - - [07/Apr/2026 10:20:40] "GET /wallet.html HTTP/1.1" 200 -
::1 - - [07/Apr/2026 10:20:40] "GET /wallet.css HTTP/1.1" 200 -
::1 - - [07/Apr/2026 10:20:40] "GET /wordlists.js HTTP/1.1" 200 -
::1 - - [07/Apr/2026 10:20:40] "GET /wallet.core.js HTTP/1.1" 200 -
::1 - - [07/Apr/2026 10:20:40] "GET /wallet.addr.js HTTP/1.1" 200 -
::1 - - [07/Apr/2026 10:20:40] "GET /wallet.tx.js HTTP/1.1" 200 -
::1 - - [07/Apr/2026 10:20:40] "GET /wallet.ui.js HTTP/1.1" 200 -
::1 - - [07/Apr/2026 10:20:57] "GET /sw.js HTTP/1.1" 304 -
::1 - - [07/Apr/2026 10:22:47] "GET /wallet.html HTTP/1.1" 200 -
::1 - - [07/Apr/2026 10:22:47] "GET /wallet.css HTTP/1.1" 200 -
::1 - - [07/Apr/2026 10:22:47] "GET /wordlists.js HTTP/1.1" 200 -
::1 - - [07/Apr/2026 10:22:47] "GET /wallet.core.js HTTP/1.1" 200 -
::1 - - [07/Apr/2026 10:22:47] "GET /wallet.addr.js HTTP/1.1" 200 -
::1 - - [07/Apr/2026 10:22:47] "GET /wallet.tx.js HTTP/1.1" 200 -
::1 - - [07/Apr/2026 10:22:47] "GET /wallet.ui.js HTTP/1.1" 200 -
::1 - - [07/Apr/2026 10:22:49] "GET /sw.js HTTP/1.1" 304 -
::1 - - [07/Apr/2026 10:28:22] "GET /wallet.html HTTP/1.1" 200 -
::1 - - [07/Apr/2026 10:28:22] "GET /wallet.css HTTP/1.1" 200 -
::1 - - [07/Apr/2026 10:28:22] "GET /wordlists.js HTTP/1.1" 200 -
::1 - - [07/Apr/2026 10:28:22] "GET /wallet.core.js HTTP/1.1" 200 -
::1 - - [07/Apr/2026 10:28:22] "GET /wallet.addr.js HTTP/1.1" 200 -
::1 - - [07/Apr/2026 10:28:22] "GET /wallet.tx.js HTTP/1.1" 200 -
::1 - - [07/Apr/2026 10:28:22] "GET /wallet.ui.js HTTP/1.1" 200 -
::1 - - [07/Apr/2026 10:28:31] "GET /sw.js HTTP/1.1" 304 -
::1 - - [07/Apr/2026 10:35:37] "GET /wallet.html HTTP/1.1" 200 -
::1 - - [07/Apr/2026 10:35:37] "GET /wallet.css HTTP/1.1" 200 -
::1 - - [07/Apr/2026 10:35:37] "GET /wordlists.js HTTP/1.1" 200 -
::1 - - [07/Apr/2026 10:35:37] "GET /wallet.core.js HTTP/1.1" 200 -
::1 - - [07/Apr/2026 10:35:37] "GET /wallet.addr.js HTTP/1.1" 200 -
::1 - - [07/Apr/2026 10:35:37] "GET /wallet.tx.js HTTP/1.1" 200 -
::1 - - [07/Apr/2026 10:35:37] "GET /wallet.ui.js HTTP/1.1" 200 -
::1 - - [07/Apr/2026 10:35:39] "GET /sw.js HTTP/1.1" 304 -
::1 - - [07/Apr/2026 10:36:09] "GET /wallet.html HTTP/1.1" 200 -
::1 - - [07/Apr/2026 10:36:10] "GET /wallet.css HTTP/1.1" 200 -
::1 - - [07/Apr/2026 10:36:10] "GET /wordlists.js HTTP/1.1" 200 -
::1 - - [07/Apr/2026 10:36:10] "GET /wallet.core.js HTTP/1.1" 200 -
::1 - - [07/Apr/2026 10:36:10] "GET /wallet.addr.js HTTP/1.1" 200 -
::1 - - [07/Apr/2026 10:36:10] "GET /wallet.tx.js HTTP/1.1" 200 -
::1 - - [07/Apr/2026 10:36:10] "GET /wallet.ui.js HTTP/1.1" 200 -
::1 - - [07/Apr/2026 10:36:11] "GET /sw.js HTTP/1.1" 304 -
::ffff:127.0.0.1 - - [07/Apr/2026 10:37:56] "GET /wallet.html HTTP/1.1" 200 -
::ffff:127.0.0.1 - - [07/Apr/2026 10:40:11] "GET /wallet.html HTTP/1.1" 200 -
::ffff:127.0.0.1 - - [07/Apr/2026 10:40:14] "GET /wallet.html HTTP/1.1" 200 -
::1 - - [07/Apr/2026 10:42:32] "GET /wallet.html HTTP/1.1" 200 -
::1 - - [07/Apr/2026 10:42:32] "GET /wallet.css HTTP/1.1" 200 -
::1 - - [07/Apr/2026 10:42:32] "GET /wordlists.js HTTP/1.1" 200 -
::1 - - [07/Apr/2026 10:42:32] "GET /wallet.core.js HTTP/1.1" 200 -
::1 - - [07/Apr/2026 10:42:32] "GET /wallet.addr.js HTTP/1.1" 200 -
::1 - - [07/Apr/2026 10:42:32] "GET /wallet.tx.js HTTP/1.1" 200 -
::1 - - [07/Apr/2026 10:42:32] "GET /wallet.ui.js HTTP/1.1" 200 -
::1 - - [07/Apr/2026 10:42:34] "GET /sw.js HTTP/1.1" 304 -
::1 - - [07/Apr/2026 10:42:41] "GET /wallet.html HTTP/1.1" 304 -
::1 - - [07/Apr/2026 10:42:41] "GET /sw.js HTTP/1.1" 304 -
::1 - - [07/Apr/2026 10:42:43] "GET /sw.js HTTP/1.1" 304 -
::1 - - [07/Apr/2026 10:57:45] "GET /wallet.html HTTP/1.1" 200 -
::1 - - [07/Apr/2026 10:57:46] "GET /wallet.css HTTP/1.1" 200 -
::1 - - [07/Apr/2026 10:57:46] "GET /wordlists.js HTTP/1.1" 200 -
::1 - - [07/Apr/2026 10:57:46] "GET /wallet.core.js HTTP/1.1" 200 -
::1 - - [07/Apr/2026 10:57:46] "GET /wallet.addr.js HTTP/1.1" 200 -
::1 - - [07/Apr/2026 10:57:46] "GET /wallet.tx.js HTTP/1.1" 200 -
::1 - - [07/Apr/2026 10:57:46] "GET /wallet.ui.js HTTP/1.1" 200 -
::1 - - [07/Apr/2026 10:57:47] "GET /sw.js HTTP/1.1" 304 -
::1 - - [07/Apr/2026 11:17:30] "GET /wallet.html HTTP/1.1" 200 -
::1 - - [07/Apr/2026 11:17:33] "GET /wallet.html HTTP/1.1" 200 -
